<?xml version="1.0" encoding="UTF-8"?>
<testsuite xmlns:xsi="http://www.w3.org/2001/XMLSchema-instance" xsi:noNamespaceSchemaLocation="https://maven.apache.org/surefire/maven-surefire-plugin/xsd/surefire-test-report.xsd" name="com.sample.service.EmployeeServiceImplTest" time="0.579" tests="2" errors="0" skipped="0" failures="0">
  <properties>
[...]
</properties>
  <testcase name="testEmployeeNotAvailable" classname="com.sample.service.EmployeeServiceImplTest" time="0.148"/>
  <testcase name="testEmployeeAvailable" classname="com.sample.service.EmployeeServiceImplTest" time="0.001"/>
</testsuite>