<?xml version="1.0" encoding="UTF-8"?>
<coverage generated="1754991299715" clover="4.5.2">
   <project name="Spring3HibernateApp 1.8-SNAPSHOT" timestamp="1754991296247">
      <metrics coveredelements="14" complexity="77" loc="737" methods="61" classes="15" statements="164" packages="6" coveredconditionals="0" coveredmethods="7" elements="241" ncloc="537" files="15" conditionals="16" coveredstatements="7"/>
      <package name="com.sample.controller">
         <metrics coveredelements="0" complexity="13" loc="132" methods="11" classes="1" statements="52" coveredconditionals="0" coveredmethods="0" elements="65" ncloc="113" files="1" conditionals="2" coveredstatements="0"/>
         <file path="/home/bonny/AWS/Spring3Hibernate_App/src/main/java/com/sample/controller/EmployeeController.java" name="EmployeeController.java">
            <metrics coveredelements="0" coveredconditionals="0" complexity="13" loc="132" coveredmethods="0" methods="11" elements="65" classes="1" ncloc="113" statements="52" conditionals="2" coveredstatements="0"/>
            <class name="EmployeeController">
               <metrics coveredelements="0" coveredconditionals="0" complexity="13" coveredmethods="0" methods="11" elements="65" statements="52" conditionals="2" coveredstatements="0"/>
            </class>
            <line complexity="1" visibility="public" signature="saveEmployee(EmployeeBean,BindingResult) : ModelAndView" num="31" count="0" type="method"/>
            <line num="34" count="0" type="stmt"/>
            <line num="35" count="0" type="stmt"/>
            <line num="36" count="0" type="stmt"/>
            <line complexity="1" visibility="public" signature="listEmployees() : ModelAndView" num="39" count="0" type="method"/>
            <line num="41" count="0" type="stmt"/>
            <line num="42" count="0" type="stmt"/>
            <line num="43" count="0" type="stmt"/>
            <line complexity="1" visibility="public" signature="listImages() : ModelAndView" num="46" count="0" type="method"/>
            <line num="48" count="0" type="stmt"/>
            <line num="49" count="0" type="stmt"/>
            <line num="50" count="0" type="stmt"/>
            <line complexity="1" visibility="public" signature="addEmployee(EmployeeBean,BindingResult) : ModelAndView" num="54" count="0" type="method"/>
            <line num="57" count="0" type="stmt"/>
            <line num="58" count="0" type="stmt"/>
            <line num="59" count="0" type="stmt"/>
            <line complexity="1" visibility="public" signature="fileUpload(FileBean,BindingResult) : ModelAndView" num="62" count="0" type="method"/>
            <line num="65" count="0" type="stmt"/>
            <line num="66" count="0" type="stmt"/>
            <line complexity="1" visibility="public" signature="welcome() : ModelAndView" num="70" count="0" type="method"/>
            <line num="72" count="0" type="stmt"/>
            <line complexity="1" visibility="public" signature="editEmployee(EmployeeBean,BindingResult) : ModelAndView" num="75" count="0" type="method"/>
            <line num="78" count="0" type="stmt"/>
            <line num="79" count="0" type="stmt"/>
            <line num="80" count="0" type="stmt"/>
            <line num="81" count="0" type="stmt"/>
            <line num="82" count="0" type="stmt"/>
            <line complexity="1" visibility="public" signature="deleteEmployee(EmployeeBean,BindingResult) : ModelAndView" num="85" count="0" type="method"/>
            <line num="88" count="0" type="stmt"/>
            <line num="89" count="0" type="stmt"/>
            <line num="90" count="0" type="stmt"/>
            <line num="91" count="0" type="stmt"/>
            <line complexity="1" visibility="private" signature="prepareModel(EmployeeBean) : Employee" num="94" count="0" type="method"/>
            <line num="95" count="0" type="stmt"/>
            <line num="96" count="0" type="stmt"/>
            <line num="97" count="0" type="stmt"/>
            <line num="98" count="0" type="stmt"/>
            <line num="99" count="0" type="stmt"/>
            <line num="100" count="0" type="stmt"/>
            <line num="101" count="0" type="stmt"/>
            <line num="102" count="0" type="stmt"/>
            <line complexity="3" visibility="private" signature="prepareListofBean(List&lt;Employee&gt;) : List&lt;EmployeeBean&gt;" num="105" count="0" type="method"/>
            <line num="106" count="0" type="stmt"/>
            <line num="107" count="0" type="stmt"/>
            <line falsecount="0" truecount="0" num="107" type="cond"/>
            <line num="108" count="0" type="stmt"/>
            <line num="109" count="0" type="stmt"/>
            <line num="110" count="0" type="stmt"/>
            <line num="111" count="0" type="stmt"/>
            <line num="112" count="0" type="stmt"/>
            <line num="113" count="0" type="stmt"/>
            <line num="114" count="0" type="stmt"/>
            <line num="115" count="0" type="stmt"/>
            <line num="116" count="0" type="stmt"/>
            <line num="117" count="0" type="stmt"/>
            <line num="120" count="0" type="stmt"/>
            <line complexity="1" visibility="private" signature="prepareEmployeeBean(Employee) : EmployeeBean" num="123" count="0" type="method"/>
            <line num="124" count="0" type="stmt"/>
            <line num="125" count="0" type="stmt"/>
            <line num="126" count="0" type="stmt"/>
            <line num="127" count="0" type="stmt"/>
            <line num="128" count="0" type="stmt"/>
            <line num="129" count="0" type="stmt"/>
            <line num="130" count="0" type="stmt"/>
         </file>
      </package>
      <package name="com.sample.model">
         <metrics coveredelements="6" complexity="14" loc="130" methods="14" classes="2" statements="14" coveredconditionals="0" coveredmethods="3" elements="28" ncloc="86" files="2" conditionals="0" coveredstatements="3"/>
         <file path="/home/bonny/AWS/Spring3Hibernate_App/src/main/java/com/sample/model/Employee.java" name="Employee.java">
            <metrics coveredelements="6" coveredconditionals="0" complexity="10" loc="75" coveredmethods="3" methods="10" elements="20" classes="1" ncloc="55" statements="10" conditionals="0" coveredstatements="3"/>
            <class name="Employee">
               <metrics coveredelements="6" coveredconditionals="0" complexity="10" coveredmethods="3" methods="10" elements="20" statements="10" conditionals="0" coveredstatements="3"/>
            </class>
            <line complexity="1" visibility="public" signature="getEmpId() : Integer" num="35" count="0" type="method"/>
            <line num="36" count="0" type="stmt"/>
            <line complexity="1" visibility="public" signature="setEmpId(Integer) : void" num="39" count="1" type="method"/>
            <line num="40" count="1" type="stmt"/>
            <line complexity="1" visibility="public" signature="getEmpName() : String" num="43" count="1" type="method"/>
            <line num="44" count="1" type="stmt"/>
            <line complexity="1" visibility="public" signature="setEmpName(String) : void" num="47" count="1" type="method"/>
            <line num="48" count="1" type="stmt"/>
            <line complexity="1" visibility="public" signature="getEmpAddress() : String" num="51" count="0" type="method"/>
            <line num="52" count="0" type="stmt"/>
            <line complexity="1" visibility="public" signature="setEmpAddress(String) : void" num="55" count="0" type="method"/>
            <line num="56" count="0" type="stmt"/>
            <line complexity="1" visibility="public" signature="getSalary() : Long" num="59" count="0" type="method"/>
            <line num="60" count="0" type="stmt"/>
            <line complexity="1" visibility="public" signature="setSalary(Long) : void" num="63" count="0" type="method"/>
            <line num="64" count="0" type="stmt"/>
            <line complexity="1" visibility="public" signature="getEmpAge() : Integer" num="67" count="0" type="method"/>
            <line num="68" count="0" type="stmt"/>
            <line complexity="1" visibility="public" signature="setEmpAge(Integer) : void" num="71" count="0" type="method"/>
            <line num="72" count="0" type="stmt"/>
         </file>
         <file path="/home/bonny/AWS/Spring3Hibernate_App/src/main/java/com/sample/model/Image.java" name="Image.java">
            <metrics coveredelements="0" coveredconditionals="0" complexity="4" loc="55" coveredmethods="0" methods="4" elements="8" classes="1" ncloc="31" statements="4" conditionals="0" coveredstatements="0"/>
            <class name="Image">
               <metrics coveredelements="0" coveredconditionals="0" complexity="4" coveredmethods="0" methods="4" elements="8" statements="4" conditionals="0" coveredstatements="0"/>
            </class>
            <line complexity="1" visibility="public" signature="getId() : Integer" num="29" count="0" type="method"/>
            <line num="30" count="0" type="stmt"/>
            <line complexity="1" visibility="public" signature="setId(Integer) : void" num="36" count="0" type="method"/>
            <line num="37" count="0" type="stmt"/>
            <line complexity="1" visibility="public" signature="getImageName() : String" num="43" count="0" type="method"/>
            <line num="44" count="0" type="stmt"/>
            <line complexity="1" visibility="public" signature="setImageName(String) : void" num="50" count="0" type="method"/>
            <line num="51" count="0" type="stmt"/>
         </file>
      </package>
      <package name="com.sample.bean">
         <metrics coveredelements="4" complexity="14" loc="59" methods="14" classes="2" statements="14" coveredconditionals="0" coveredmethods="2" elements="28" ncloc="55" files="2" conditionals="0" coveredstatements="2"/>
         <file path="/home/bonny/AWS/Spring3Hibernate_App/src/main/java/com/sample/bean/EmployeeBean.java" name="EmployeeBean.java">
            <metrics coveredelements="4" coveredconditionals="0" complexity="10" loc="40" coveredmethods="2" methods="10" elements="20" classes="1" ncloc="38" statements="10" conditionals="0" coveredstatements="2"/>
            <class name="EmployeeBean">
               <metrics coveredelements="4" coveredconditionals="0" complexity="10" coveredmethods="2" methods="10" elements="20" statements="10" conditionals="0" coveredstatements="2"/>
            </class>
            <line complexity="1" visibility="public" signature="getSalary() : Long" num="10" count="0" type="method"/>
            <line num="11" count="0" type="stmt"/>
            <line complexity="1" visibility="public" signature="setSalary(Long) : void" num="13" count="0" type="method"/>
            <line num="14" count="0" type="stmt"/>
            <line complexity="1" visibility="public" signature="getId() : Integer" num="16" count="0" type="method"/>
            <line num="17" count="0" type="stmt"/>
            <line complexity="1" visibility="public" signature="setId(Integer) : void" num="19" count="0" type="method"/>
            <line num="20" count="0" type="stmt"/>
            <line complexity="1" visibility="public" signature="getName() : String" num="22" count="1" type="method"/>
            <line num="23" count="1" type="stmt"/>
            <line complexity="1" visibility="public" signature="setName(String) : void" num="25" count="1" type="method"/>
            <line num="26" count="1" type="stmt"/>
            <line complexity="1" visibility="public" signature="getAge() : Integer" num="28" count="0" type="method"/>
            <line num="29" count="0" type="stmt"/>
            <line complexity="1" visibility="public" signature="setAge(Integer) : void" num="31" count="0" type="method"/>
            <line num="32" count="0" type="stmt"/>
            <line complexity="1" visibility="public" signature="getAddress() : String" num="34" count="0" type="method"/>
            <line num="35" count="0" type="stmt"/>
            <line complexity="1" visibility="public" signature="setAddress(String) : void" num="37" count="0" type="method"/>
            <line num="38" count="0" type="stmt"/>
         </file>
         <file path="/home/bonny/AWS/Spring3Hibernate_App/src/main/java/com/sample/bean/FileBean.java" name="FileBean.java">
            <metrics coveredelements="0" coveredconditionals="0" complexity="4" loc="19" coveredmethods="0" methods="4" elements="8" classes="1" ncloc="17" statements="4" conditionals="0" coveredstatements="0"/>
            <class name="FileBean">
               <metrics coveredelements="0" coveredconditionals="0" complexity="4" coveredmethods="0" methods="4" elements="8" statements="4" conditionals="0" coveredstatements="0"/>
            </class>
            <line complexity="1" visibility="public" signature="getId() : Integer" num="7" count="0" type="method"/>
            <line num="8" count="0" type="stmt"/>
            <line complexity="1" visibility="public" signature="setId(Integer) : void" num="10" count="0" type="method"/>
            <line num="11" count="0" type="stmt"/>
            <line complexity="1" visibility="public" signature="getName() : String" num="13" count="0" type="method"/>
            <line num="14" count="0" type="stmt"/>
            <line complexity="1" visibility="public" signature="setName(String) : void" num="16" count="0" type="method"/>
            <line num="17" count="0" type="stmt"/>
         </file>
      </package>
      <package name="com.sample.service">
         <metrics coveredelements="4" complexity="13" loc="131" methods="10" classes="4" statements="15" coveredconditionals="0" coveredmethods="2" elements="27" ncloc="89" files="4" conditionals="2" coveredstatements="2"/>
         <file path="/home/bonny/AWS/Spring3Hibernate_App/src/main/java/com/sample/service/EmployeeService.java" name="EmployeeService.java">
            <metrics coveredelements="0" coveredconditionals="0" complexity="0" loc="17" coveredmethods="0" methods="0" elements="0" classes="1" ncloc="9" statements="0" conditionals="0" coveredstatements="0"/>
            <class name="EmployeeService">
               <metrics coveredelements="0" coveredconditionals="0" complexity="0" coveredmethods="0" methods="0" elements="0" statements="0" conditionals="0" coveredstatements="0"/>
            </class>
         </file>
         <file path="/home/bonny/AWS/Spring3Hibernate_App/src/main/java/com/sample/service/EmployeeServiceImpl.java" name="EmployeeServiceImpl.java">
            <metrics coveredelements="4" coveredconditionals="0" complexity="6" loc="45" coveredmethods="2" methods="5" elements="11" classes="1" ncloc="33" statements="6" conditionals="0" coveredstatements="2"/>
            <class name="EmployeeServiceImpl">
               <metrics coveredelements="4" coveredconditionals="0" complexity="6" coveredmethods="2" methods="5" elements="11" statements="6" conditionals="0" coveredstatements="2"/>
            </class>
            <line complexity="2" visibility="public" signature="addEmployee(Employee) : void" num="20" count="0" type="method"/>
            <line num="22" count="0" type="stmt"/>
            <line num="27" count="0" type="stmt"/>
            <line complexity="1" visibility="public" signature="listEmployeess() : List&lt;Employee&gt;" num="30" count="0" type="method"/>
            <line num="31" count="0" type="stmt"/>
            <line complexity="1" visibility="public" signature="getEmployee(int) : Employee" num="34" count="2" type="method"/>
            <line num="35" count="2" type="stmt"/>
            <line complexity="1" visibility="public" signature="deleteEmployee(Employee) : void" num="38" count="0" type="method"/>
            <line num="39" count="0" type="stmt"/>
            <line complexity="1" visibility="protected" signature="setEmployeeDao(EmployeeDao) : void" num="42" count="2" type="method"/>
            <line num="43" count="2" type="stmt"/>
         </file>
         <file path="/home/bonny/AWS/Spring3Hibernate_App/src/main/java/com/sample/service/ImageService.java" name="ImageService.java">
            <metrics coveredelements="0" coveredconditionals="0" complexity="0" loc="16" coveredmethods="0" methods="0" elements="0" classes="1" ncloc="8" statements="0" conditionals="0" coveredstatements="0"/>
            <class name="ImageService">
               <metrics coveredelements="0" coveredconditionals="0" complexity="0" coveredmethods="0" methods="0" elements="0" statements="0" conditionals="0" coveredstatements="0"/>
            </class>
         </file>
         <file path="/home/bonny/AWS/Spring3Hibernate_App/src/main/java/com/sample/service/ImageServiceImpl.java" name="ImageServiceImpl.java">
            <metrics coveredelements="0" coveredconditionals="0" complexity="7" loc="53" coveredmethods="0" methods="5" elements="16" classes="1" ncloc="39" statements="9" conditionals="2" coveredstatements="0"/>
            <class name="ImageServiceImpl">
               <metrics coveredelements="0" coveredconditionals="0" complexity="7" coveredmethods="0" methods="5" elements="16" statements="9" conditionals="2" coveredstatements="0"/>
            </class>
            <line complexity="2" visibility="public" signature="saveImage(Image) : void" num="23" count="0" type="method"/>
            <line num="25" count="0" type="stmt"/>
            <line num="30" count="0" type="stmt"/>
            <line complexity="1" visibility="public" signature="listImages() : List&lt;Image&gt;" num="33" count="0" type="method"/>
            <line num="34" count="0" type="stmt"/>
            <line complexity="1" visibility="public" signature="getImage(int) : Image" num="37" count="0" type="method"/>
            <line num="38" count="0" type="stmt"/>
            <line complexity="1" visibility="protected" signature="setImageDao(ImageDao) : void" num="42" count="0" type="method"/>
            <line num="43" count="0" type="stmt"/>
            <line complexity="2" visibility="private" signature="getImageDao() : ImageDao" num="46" count="0" type="method"/>
            <line num="47" count="0" type="stmt"/>
            <line falsecount="0" truecount="0" num="47" type="cond"/>
            <line num="48" count="0" type="stmt"/>
            <line num="49" count="0" type="stmt"/>
            <line num="51" count="0" type="stmt"/>
         </file>
      </package>
      <package name="com.sample.servlet">
         <metrics coveredelements="0" complexity="15" loc="180" methods="4" classes="2" statements="61" coveredconditionals="0" coveredmethods="0" elements="77" ncloc="126" files="2" conditionals="12" coveredstatements="0"/>
         <file path="/home/bonny/AWS/Spring3Hibernate_App/src/main/java/com/sample/servlet/DownloadServlet.java" name="DownloadServlet.java">
            <metrics coveredelements="0" coveredconditionals="0" complexity="7" loc="89" coveredmethods="0" methods="2" elements="41" classes="1" ncloc="60" statements="33" conditionals="6" coveredstatements="0"/>
            <class name="DownloadServlet">
               <metrics coveredelements="0" coveredconditionals="0" complexity="7" coveredmethods="0" methods="2" elements="41" statements="33" conditionals="6" coveredstatements="0"/>
            </class>
            <line complexity="3" visibility="protected" signature="doGet(HttpServletRequest,HttpServletResponse) : void" num="23" count="0" type="method"/>
            <line num="26" count="0" type="stmt"/>
            <line num="28" count="0" type="stmt"/>
            <line num="29" count="0" type="stmt"/>
            <line num="30" count="0" type="stmt"/>
            <line num="33" count="0" type="stmt"/>
            <line num="36" count="0" type="stmt"/>
            <line num="37" count="0" type="stmt"/>
            <line falsecount="0" truecount="0" num="37" type="cond"/>
            <line num="39" count="0" type="stmt"/>
            <line num="41" count="0" type="stmt"/>
            <line num="44" count="0" type="stmt"/>
            <line num="45" count="0" type="stmt"/>
            <line num="48" count="0" type="stmt"/>
            <line num="49" count="0" type="stmt"/>
            <line num="50" count="0" type="stmt"/>
            <line num="53" count="0" type="stmt"/>
            <line num="55" count="0" type="stmt"/>
            <line num="56" count="0" type="stmt"/>
            <line num="58" count="0" type="stmt"/>
            <line falsecount="0" truecount="0" num="58" type="cond"/>
            <line num="59" count="0" type="stmt"/>
            <line num="62" count="0" type="stmt"/>
            <line num="63" count="0" type="stmt"/>
            <line complexity="4" visibility="private" signature="getUploadDir() : String" num="66" count="0" type="method"/>
            <line num="67" count="0" type="stmt"/>
            <line num="68" count="0" type="stmt"/>
            <line num="69" count="0" type="stmt"/>
            <line num="70" count="0" type="stmt"/>
            <line num="71" count="0" type="stmt"/>
            <line num="73" count="0" type="stmt"/>
            <line num="74" count="0" type="stmt"/>
            <line num="78" count="0" type="stmt"/>
            <line num="80" count="0" type="stmt"/>
            <line falsecount="0" truecount="0" num="80" type="cond"/>
            <line num="81" count="0" type="stmt"/>
            <line num="82" count="0" type="stmt"/>
            <line num="87" count="0" type="stmt"/>
         </file>
         <file path="/home/bonny/AWS/Spring3Hibernate_App/src/main/java/com/sample/servlet/FileUploadServlet.java" name="FileUploadServlet.java">
            <metrics coveredelements="0" coveredconditionals="0" complexity="8" loc="91" coveredmethods="0" methods="2" elements="36" classes="1" ncloc="66" statements="28" conditionals="6" coveredstatements="0"/>
            <class name="FileUploadServlet">
               <metrics coveredelements="0" coveredconditionals="0" complexity="8" coveredmethods="0" methods="2" elements="36" statements="28" conditionals="6" coveredstatements="0"/>
            </class>
            <line complexity="4" visibility="protected" signature="doPost(HttpServletRequest,HttpServletResponse) : void" num="27" count="0" type="method"/>
            <line num="30" count="0" type="stmt"/>
            <line num="32" count="0" type="stmt"/>
            <line falsecount="0" truecount="0" num="32" type="cond"/>
            <line num="33" count="0" type="stmt"/>
            <line num="34" count="0" type="stmt"/>
            <line num="37" count="0" type="stmt"/>
            <line num="38" count="0" type="stmt"/>
            <line falsecount="0" truecount="0" num="38" type="cond"/>
            <line num="39" count="0" type="stmt"/>
            <line num="40" count="0" type="stmt"/>
            <line num="45" count="0" type="stmt"/>
            <line num="48" count="0" type="stmt"/>
            <line num="49" count="0" type="stmt"/>
            <line num="50" count="0" type="stmt"/>
            <line num="51" count="0" type="stmt"/>
            <line num="54" count="0" type="stmt"/>
            <line num="59" count="0" type="stmt"/>
            <line num="64" count="0" type="stmt"/>
            <line complexity="4" visibility="private" signature="getUploadDir() : String" num="68" count="0" type="method"/>
            <line num="69" count="0" type="stmt"/>
            <line num="70" count="0" type="stmt"/>
            <line num="71" count="0" type="stmt"/>
            <line num="72" count="0" type="stmt"/>
            <line num="73" count="0" type="stmt"/>
            <line num="75" count="0" type="stmt"/>
            <line num="76" count="0" type="stmt"/>
            <line num="80" count="0" type="stmt"/>
            <line num="82" count="0" type="stmt"/>
            <line falsecount="0" truecount="0" num="82" type="cond"/>
            <line num="83" count="0" type="stmt"/>
            <line num="84" count="0" type="stmt"/>
            <line num="89" count="0" type="stmt"/>
         </file>
      </package>
      <package name="com.sample.dao">
         <metrics coveredelements="0" complexity="8" loc="105" methods="8" classes="4" statements="8" coveredconditionals="0" coveredmethods="0" elements="16" ncloc="68" files="4" conditionals="0" coveredstatements="0"/>
         <file path="/home/bonny/AWS/Spring3Hibernate_App/src/main/java/com/sample/dao/EmployeeDao.java" name="EmployeeDao.java">
            <metrics coveredelements="0" coveredconditionals="0" complexity="0" loc="16" coveredmethods="0" methods="0" elements="0" classes="1" ncloc="9" statements="0" conditionals="0" coveredstatements="0"/>
            <class name="EmployeeDao">
               <metrics coveredelements="0" coveredconditionals="0" complexity="0" coveredmethods="0" methods="0" elements="0" statements="0" conditionals="0" coveredstatements="0"/>
            </class>
         </file>
         <file path="/home/bonny/AWS/Spring3Hibernate_App/src/main/java/com/sample/dao/EmployeeDaoImpl.java" name="EmployeeDaoImpl.java">
            <metrics coveredelements="0" coveredconditionals="0" complexity="4" loc="35" coveredmethods="0" methods="4" elements="8" classes="1" ncloc="24" statements="4" conditionals="0" coveredstatements="0"/>
            <class name="EmployeeDaoImpl">
               <metrics coveredelements="0" coveredconditionals="0" complexity="4" coveredmethods="0" methods="4" elements="8" statements="4" conditionals="0" coveredstatements="0"/>
            </class>
            <line complexity="1" visibility="public" signature="addEmployee(Employee) : void" num="18" count="0" type="method"/>
            <line num="19" count="0" type="stmt"/>
            <line complexity="1" visibility="public" signature="listEmployeess() : List&lt;Employee&gt;" num="22" count="0" type="method"/>
            <line num="24" count="0" type="stmt"/>
            <line complexity="1" visibility="public" signature="getEmployee(int) : Employee" num="27" count="0" type="method"/>
            <line num="28" count="0" type="stmt"/>
            <line complexity="1" visibility="public" signature="deleteEmployee(Employee) : void" num="31" count="0" type="method"/>
            <line num="32" count="0" type="stmt"/>
         </file>
         <file path="/home/bonny/AWS/Spring3Hibernate_App/src/main/java/com/sample/dao/ImageDao.java" name="ImageDao.java">
            <metrics coveredelements="0" coveredconditionals="0" complexity="0" loc="16" coveredmethods="0" methods="0" elements="0" classes="1" ncloc="8" statements="0" conditionals="0" coveredstatements="0"/>
            <class name="ImageDao">
               <metrics coveredelements="0" coveredconditionals="0" complexity="0" coveredmethods="0" methods="0" elements="0" statements="0" conditionals="0" coveredstatements="0"/>
            </class>
         </file>
         <file path="/home/bonny/AWS/Spring3Hibernate_App/src/main/java/com/sample/dao/ImageDaoImpl.java" name="ImageDaoImpl.java">
            <metrics coveredelements="0" coveredconditionals="0" complexity="4" loc="38" coveredmethods="0" methods="4" elements="8" classes="1" ncloc="27" statements="4" conditionals="0" coveredstatements="0"/>
            <class name="ImageDaoImpl">
               <metrics coveredelements="0" coveredconditionals="0" complexity="4" coveredmethods="0" methods="4" elements="8" statements="4" conditionals="0" coveredstatements="0"/>
            </class>
            <line complexity="1" visibility="public" signature="saveImage(Image) : void" num="20" count="0" type="method"/>
            <line num="22" count="0" type="stmt"/>
            <line complexity="1" visibility="public" signature="listImages() : List&lt;Image&gt;" num="25" count="0" type="method"/>
            <line num="27" count="0" type="stmt"/>
            <line complexity="1" visibility="public" signature="getImage(int) : Image" num="30" count="0" type="method"/>
            <line num="31" count="0" type="stmt"/>
            <line complexity="1" visibility="private" signature="getSessionFactory() : SessionFactory" num="34" count="0" type="method"/>
            <line num="36" count="0" type="stmt"/>
         </file>
      </package>
   </project>
   <testproject name="Spring3HibernateApp 1.8-SNAPSHOT" timestamp="1754991296247">
      <metrics coveredelements="20" complexity="4" loc="63" methods="4" classes="2" statements="16" packages="2" coveredconditionals="0" coveredmethods="4" elements="20" ncloc="47" files="2" conditionals="0" coveredstatements="16"/>
      <package name="com.sample.bean">
         <metrics coveredelements="4" complexity="1" loc="16" methods="1" classes="1" statements="3" coveredconditionals="0" coveredmethods="1" elements="4" ncloc="11" files="1" conditionals="0" coveredstatements="3"/>
         <file path="/home/bonny/AWS/Spring3Hibernate_App/src/test/java/com/sample/bean/EmployeeBeanTest.java" name="EmployeeBeanTest.java">
            <metrics coveredelements="4" coveredconditionals="0" complexity="1" loc="16" coveredmethods="1" methods="1" elements="4" classes="1" ncloc="11" statements="3" conditionals="0" coveredstatements="3"/>
            <class name="EmployeeBeanTest">
               <metrics coveredelements="4" complexity="1" methods="1" testruns="1" statements="3" coveredconditionals="0" coveredmethods="1" elements="4" testfailures="0" testduration="0.004" conditionals="0" coveredstatements="3" testpasses="1"/>
            </class>
            <line complexity="1" visibility="public" signature="testGetterSetter() : void" num="9" testsuccess="true" count="1" testduration="0.004" type="method"/>
            <line num="11" count="1" type="stmt"/>
            <line num="12" count="1" type="stmt"/>
            <line num="13" count="1" type="stmt"/>
         </file>
      </package>
      <package name="com.sample.service">
         <metrics coveredelements="16" complexity="3" loc="47" methods="3" classes="1" statements="13" coveredconditionals="0" coveredmethods="3" elements="16" ncloc="36" files="1" conditionals="0" coveredstatements="13"/>
         <file path="/home/bonny/AWS/Spring3Hibernate_App/src/test/java/com/sample/service/EmployeeServiceImplTest.java" name="EmployeeServiceImplTest.java">
            <metrics coveredelements="16" coveredconditionals="0" complexity="3" loc="47" coveredmethods="3" methods="3" elements="16" classes="1" ncloc="36" statements="13" conditionals="0" coveredstatements="13"/>
            <class name="EmployeeServiceImplTest">
               <metrics coveredelements="16" complexity="3" methods="3" testruns="2" statements="13" coveredconditionals="0" coveredmethods="3" elements="16" testfailures="0" testduration="0.01" conditionals="0" coveredstatements="13" testpasses="2"/>
            </class>
            <line complexity="1" visibility="public" signature="setup() : void" num="21" count="2" type="method"/>
            <line num="23" count="2" type="stmt"/>
            <line complexity="1" visibility="public" signature="testEmployeeNotAvailable() : void" num="26" testsuccess="true" count="1" testduration="0.01" type="method"/>
            <line num="28" count="1" type="stmt"/>
            <line num="29" count="1" type="stmt"/>
            <line num="30" count="1" type="stmt"/>
            <line num="32" count="1" type="stmt"/>
            <line complexity="1" visibility="public" signature="testEmployeeAvailable() : void" num="35" testsuccess="true" count="1" testduration="0.0" type="method"/>
            <line num="37" count="1" type="stmt"/>
            <line num="38" count="1" type="stmt"/>
            <line num="39" count="1" type="stmt"/>
            <line num="40" count="1" type="stmt"/>
            <line num="41" count="1" type="stmt"/>
            <line num="42" count="1" type="stmt"/>
            <line num="43" count="1" type="stmt"/>
            <line num="45" count="1" type="stmt"/>
         </file>
      </package>
   </testproject>
</coverage>